TN:
SF:utils\for_testing.js
FN:7,registerUser
FN:9,(anonymous_1)
FN:27,authenticateUser
FN:29,(anonymous_3)
FNF:4
FNH:4
FNDA:4,registerUser
FNDA:3,(anonymous_1)
FNDA:3,authenticateUser
FNDA:3,(anonymous_3)
DA:2,1
DA:9,4
DA:11,4
DA:12,2
DA:14,2
DA:15,1
DA:22,1
DA:23,1
DA:29,3
DA:32,3
DA:33,1
DA:36,2
DA:37,1
DA:39,1
DA:44,1
LF:15
LH:15
BRDA:11,0,0,2
BRDA:11,0,1,2
BRDA:14,1,0,1
BRDA:14,1,1,1
BRDA:14,2,0,2
BRDA:14,2,1,1
BRDA:32,3,0,1
BRDA:32,3,1,2
BRDA:36,4,0,1
BRDA:36,4,1,1
BRDA:36,5,0,2
BRDA:36,5,1,1
BRF:12
BRH:12
end_of_record
